<?xml version="1.0" encoding="UTF-8"?>
<testng-results ignored="0" total="1" passed="1" failed="0" skipped="0">
  <reporter-output>
  </reporter-output>
  <suite started-at="2024-11-26T22:44:33 IST" name="Suite" finished-at="2024-11-26T22:44:49 IST" duration-ms="16438">
    <groups>
    </groups>
    <test started-at="2024-11-26T22:44:33 IST" name="Test" finished-at="2024-11-26T22:44:49 IST" duration-ms="16438">
      <class name="com.orm.testcases.loginPageTestcases">
        <test-method is-config="true" signature="login()[pri:0, instance:com.orm.testcases.loginPageTestcases@1139b2f3]" started-at="2024-11-26T22:44:33 IST" name="login" finished-at="2024-11-26T22:44:49 IST" duration-ms="16366" status="PASS">
          <reporter-output>
          </reporter-output>
        </test-method> <!-- login -->
        <test-method signature="display()[pri:0, instance:com.orm.testcases.loginPageTestcases@1139b2f3]" started-at="2024-11-26T22:44:49 IST" name="display" finished-at="2024-11-26T22:44:49 IST" duration-ms="25" status="PASS">
          <reporter-output>
          </reporter-output>
        </test-method> <!-- display -->
      </class> <!-- com.orm.testcases.loginPageTestcases -->
    </test> <!-- Test -->
  </suite> <!-- Suite -->
</testng-results>
